<?xml version="1.0" encoding="UTF-8"?>
<testsuite xmlns:xsi="http://www.w3.org/2001/XMLSchema-instance" xsi:noNamespaceSchemaLocation="https://maven.apache.org/surefire/maven-surefire-plugin/xsd/surefire-test-report-3.0.xsd" version="3.0" name="ServerTest" time="1.485" tests="4" errors="0" skipped="0" failures="0">
  <properties>
    <property name="java.specification.version" value="17"/>
    <property name="sun.cpu.isalist" value="amd64"/>
    <property name="sun.jnu.encoding" value="Cp1252"/>
    <property name="java.class.path" value="D:\a\pa-secure-chat-group-10\pa-secure-chat-group-10\target\test-classes;D:\a\pa-secure-chat-group-10\pa-secure-chat-group-10\target\classes;C:\Users\runneradmin\.m2\repository\org\apache\httpcomponents\httpcore\4.4.14\httpcore-4.4.14.jar;C:\Users\runneradmin\.m2\repository\org\junit\jupiter\junit-jupiter\5.11.0-M1\junit-jupiter-5.11.0-M1.jar;C:\Users\runneradmin\.m2\repository\org\junit\jupiter\junit-jupiter-api\5.11.0-M1\junit-jupiter-api-5.11.0-M1.jar;C:\Users\runneradmin\.m2\repository\org\opentest4j\opentest4j\1.3.0\opentest4j-1.3.0.jar;C:\Users\runneradmin\.m2\repository\org\junit\platform\junit-platform-commons\1.11.0-M1\junit-platform-commons-1.11.0-M1.jar;C:\Users\runneradmin\.m2\repository\org\apiguardian\apiguardian-api\1.1.2\apiguardian-api-1.1.2.jar;C:\Users\runneradmin\.m2\repository\org\junit\jupiter\junit-jupiter-params\5.11.0-M1\junit-jupiter-params-5.11.0-M1.jar;C:\Users\runneradmin\.m2\repository\org\junit\jupiter\junit-jupiter-engine\5.11.0-M1\junit-jupiter-engine-5.11.0-M1.jar;C:\Users\runneradmin\.m2\repository\org\junit\platform\junit-platform-engine\1.11.0-M1\junit-platform-engine-1.11.0-M1.jar;"/>
    <property name="java.vm.vendor" value="Microsoft"/>
    <property name="sun.arch.data.model" value="64"/>
    <property name="user.variant" value=""/>
    <property name="java.vendor.url" value="https://www.microsoft.com"/>
    <property name="user.timezone" value="Etc/UTC"/>
    <property name="os.name" value="Windows Server 2022"/>
    <property name="java.vm.specification.version" value="17"/>
    <property name="sun.java.launcher" value="SUN_STANDARD"/>
    <property name="user.country" value="US"/>
    <property name="sun.boot.library.path" value="C:\hostedtoolcache\windows\Java_Microsoft_jdk\17.0.10\x64\bin"/>
    <property name="sun.java.command" value="C:\Users\runneradmin\AppData\Local\Temp\surefire10348053534169149264\surefirebooter16898088430973592493.jar C:\Users\runneradmin\AppData\Local\Temp\surefire10348053534169149264 2024-05-09T21-18-47_893-jvmRun1 surefire3265192200396724805tmp surefire_012163840107227069437tmp"/>
    <property name="jdk.debug" value="release"/>
    <property name="surefire.test.class.path" value="D:\a\pa-secure-chat-group-10\pa-secure-chat-group-10\target\test-classes;D:\a\pa-secure-chat-group-10\pa-secure-chat-group-10\target\classes;C:\Users\runneradmin\.m2\repository\org\apache\httpcomponents\httpcore\4.4.14\httpcore-4.4.14.jar;C:\Users\runneradmin\.m2\repository\org\junit\jupiter\junit-jupiter\5.11.0-M1\junit-jupiter-5.11.0-M1.jar;C:\Users\runneradmin\.m2\repository\org\junit\jupiter\junit-jupiter-api\5.11.0-M1\junit-jupiter-api-5.11.0-M1.jar;C:\Users\runneradmin\.m2\repository\org\opentest4j\opentest4j\1.3.0\opentest4j-1.3.0.jar;C:\Users\runneradmin\.m2\repository\org\junit\platform\junit-platform-commons\1.11.0-M1\junit-platform-commons-1.11.0-M1.jar;C:\Users\runneradmin\.m2\repository\org\apiguardian\apiguardian-api\1.1.2\apiguardian-api-1.1.2.jar;C:\Users\runneradmin\.m2\repository\org\junit\jupiter\junit-jupiter-params\5.11.0-M1\junit-jupiter-params-5.11.0-M1.jar;C:\Users\runneradmin\.m2\repository\org\junit\jupiter\junit-jupiter-engine\5.11.0-M1\junit-jupiter-engine-5.11.0-M1.jar;C:\Users\runneradmin\.m2\repository\org\junit\platform\junit-platform-engine\1.11.0-M1\junit-platform-engine-1.11.0-M1.jar;"/>
    <property name="sun.cpu.endian" value="little"/>
    <property name="user.home" value="C:\Users\runneradmin"/>
    <property name="user.language" value="en"/>
    <property name="java.specification.vendor" value="Oracle Corporation"/>
    <property name="java.version.date" value="2024-01-16"/>
    <property name="java.home" value="C:\hostedtoolcache\windows\Java_Microsoft_jdk\17.0.10\x64"/>
    <property name="file.separator" value="\"/>
    <property name="basedir" value="D:\a\pa-secure-chat-group-10\pa-secure-chat-group-10"/>
    <property name="java.vm.compressedOopsMode" value="32-bit"/>
    <property name="line.separator" value="&#10;"/>
    <property name="java.vm.specification.vendor" value="Oracle Corporation"/>
    <property name="java.specification.name" value="Java Platform API Specification"/>
    <property name="surefire.real.class.path" value="C:\Users\runneradmin\AppData\Local\Temp\surefire10348053534169149264\surefirebooter16898088430973592493.jar"/>
    <property name="user.script" value=""/>
    <property name="sun.management.compiler" value="HotSpot 64-Bit Tiered Compilers"/>
    <property name="java.runtime.version" value="17.0.10+7-LTS"/>
    <property name="user.name" value="runneradmin"/>
    <property name="path.separator" value=";"/>
    <property name="os.version" value="10.0"/>
    <property name="java.runtime.name" value="OpenJDK Runtime Environment"/>
    <property name="file.encoding" value="Cp1252"/>
    <property name="java.vm.name" value="OpenJDK 64-Bit Server VM"/>
    <property name="java.vendor.version" value="Microsoft-8902769"/>
    <property name="localRepository" value="C:\Users\runneradmin\.m2\repository"/>
    <property name="java.vendor.url.bug" value="https://github.com/microsoft/openjdk/issues"/>
    <property name="java.io.tmpdir" value="C:\Users\RUNNER~1\AppData\Local\Temp\"/>
    <property name="java.version" value="17.0.10"/>
    <property name="user.dir" value="D:\a\pa-secure-chat-group-10\pa-secure-chat-group-10"/>
    <property name="os.arch" value="amd64"/>
    <property name="java.vm.specification.name" value="Java Virtual Machine Specification"/>
    <property name="sun.os.patch.level" value=""/>
    <property name="native.encoding" value="Cp1252"/>
    <property name="java.library.path" value="C:\hostedtoolcache\windows\Java_Microsoft_jdk\17.0.10\x64\bin;C:\Windows\Sun\Java\bin;C:\Windows\system32;C:\Windows;C:\Program Files\PowerShell\7;C:\hostedtoolcache\windows\Java_Microsoft_jdk\17.0.10\x64\bin;C:\Program Files\MongoDB\Server\5.0\bin;C:\aliyun-cli;C:\vcpkg;C:\Program Files (x86)\NSIS\;C:\tools\zstd;C:\Program Files\Mercurial\;C:\hostedtoolcache\windows\stack\2.15.5\x64;C:\cabal\bin;C:\\ghcup\bin;C:\mingw64\bin;C:\Program Files\dotnet;C:\Program Files\MySQL\MySQL Server 8.0\bin;C:\Program Files\R\R-4.3.3\bin\x64;C:\SeleniumWebDrivers\GeckoDriver;C:\SeleniumWebDrivers\EdgeDriver\;C:\SeleniumWebDrivers\ChromeDriver;C:\Program Files (x86)\sbt\bin;C:\Program Files (x86)\GitHub CLI;C:\Program Files\Git\bin;C:\Program Files (x86)\pipx_bin;C:\npm\prefix;C:\hostedtoolcache\windows\go\1.21.9\x64\bin;C:\hostedtoolcache\windows\Python\3.9.13\x64\Scripts;C:\hostedtoolcache\windows\Python\3.9.13\x64;C:\hostedtoolcache\windows\Ruby\3.0.6\x64\bin;C:\Program Files\OpenSSL\bin;C:\tools\kotlinc\bin;C:\hostedtoolcache\windows\Java_Temurin-Hotspot_jdk\8.0.412-8\x64\bin;C:\Program Files\ImageMagick-7.1.1-Q16-HDRI;C:\Program Files\Microsoft SDKs\Azure\CLI2\wbin;C:\ProgramData\kind;C:\ProgramData\docker-compose;C:\ProgramData\Chocolatey\bin;C:\Windows\system32;C:\Windows;C:\Windows\System32\Wbem;C:\Windows\System32\WindowsPowerShell\v1.0\;C:\Windows\System32\OpenSSH\;C:\Program Files\dotnet\;C:\Program Files\PowerShell\7\;C:\Program Files\Microsoft\Web Platform Installer\;C:\Program Files\Microsoft SQL Server\Client SDK\ODBC\170\Tools\Binn\;C:\Program Files\Microsoft SQL Server\150\Tools\Binn\;C:\Program Files (x86)\Windows Kits\10\Windows Performance Toolkit\;C:\Program Files (x86)\WiX Toolset v3.14\bin;C:\Program Files\Microsoft SQL Server\130\DTS\Binn\;C:\Program Files\Microsoft SQL Server\140\DTS\Binn\;C:\Program Files\Microsoft SQL Server\150\DTS\Binn\;C:\Program Files\Microsoft SQL Server\160\DTS\Binn\;C:\Strawberry\c\bin;C:\Strawberry\perl\site\bin;C:\Strawberry\perl\bin;C:\ProgramData\chocolatey\lib\pulumi\tools\Pulumi\bin;C:\Program Files\TortoiseSVN\bin;C:\Program Files\CMake\bin;C:\ProgramData\chocolatey\lib\maven\apache-maven-3.8.7\bin;C:\Program Files\Microsoft Service Fabric\bin\Fabric\Fabric.Code;C:\Program Files\Microsoft SDKs\Service Fabric\Tools\ServiceFabricLocalClusterManager;C:\Program Files\nodejs\;C:\Program Files\Git\cmd;C:\Program Files\Git\mingw64\bin;C:\Program Files\Git\usr\bin;C:\Program Files\GitHub CLI\;c:\tools\php;C:\Program Files (x86)\sbt\bin;C:\Program Files\Amazon\AWSCLIV2\;C:\Program Files\Amazon\SessionManagerPlugin\bin\;C:\Program Files\Amazon\AWSSAMCLI\bin\;C:\Program Files\Microsoft SQL Server\130\Tools\Binn\;C:\Program Files\LLVM\bin;C:\Users\runneradmin\.dotnet\tools;C:\Users\runneradmin\.cargo\bin;C:\Users\runneradmin\AppData\Local\Microsoft\WindowsApps;."/>
    <property name="java.vm.info" value="mixed mode, sharing"/>
    <property name="java.vendor" value="Microsoft"/>
    <property name="java.vm.version" value="17.0.10+7-LTS"/>
    <property name="sun.io.unicode.encoding" value="UnicodeLittle"/>
    <property name="java.class.version" value="61.0"/>
  </properties>
  <testcase name="testForwardMessage" classname="ServerTest" time="0.266"/>
  <testcase name="testAddUser" classname="ServerTest" time="0.625"/>
  <testcase name="testStartCommunication" classname="ServerTest" time="0.14">
    <system-out><![CDATA[The shared secrets are different
]]></system-out>
  </testcase>
  <testcase name="testDistributeCertificate" classname="ServerTest" time="0.438">
    <system-out><![CDATA[Expected certificate: Certificate{username='user1', publicKey=Sun RSA public key, 2048 bits
  params: null
  modulus: 19037269753027741077292354315188370525656018326993038866212154507337540114583162315110152867885143735623993470144823494771690568037023325723179260957030150745421145642111289465394369945254899076774140067819000609865772399378983607343180200149096245640552877875181940024680425714097930961271569727695442870484596937795526858899524392273769620034734074010549002868803525301429334439368900007010335511707364958929806811711025377575334941726906337126495011586718712045666715902942032255428232031945063275639569846188480473293365344946441201876731206535321240021899680461258422129280520157002903963183824993552469253565789
  public exponent: 65537, valid=false, signature='null'}
Expected certificate: Certificate{username='user2', publicKey=Sun RSA public key, 2048 bits
  params: null
  modulus: 27505005926629380184150396170580464771036297101542839757090157734384592266484802800038320716335131902663258645090124502197091605553458287471708458489337491029342348809205168855649980446905834300578201331407924507713646464809400658385626460508121123483724957456438558663013056254736793787091031452495520932702223005222625409416266449076280864217884983951110228126351762590902737559804128972909444414849238867549122547909387082082115898060706452784292150796627479655750088424330251592876840514883684368144988434337791941310438281702769246627969927922565330655069183940070852380276851945634951366633162962135064863454527
  public exponent: 65537, valid=false, signature='null'}
Expected certificate: Certificate{username='user3', publicKey=Sun RSA public key, 2048 bits
  params: null
  modulus: 23522240269828482397113123713998915000539136999774210561155772633774522246998262691909127049488045057046313614319928205897224182006599784346571583675067705601942513976179857440335933860519825865207222228539782943785856511921060018872465096114037387951803473336269667256067448164518991087806566994277944393654061976946176346087591188446684420814389145821536127583590433681813218387771492145696744828877470332477865413422564180797221641563595123274267989628546895330294925927525197078270348812601766743206519604609006469641601367544654801929098832333795387059715837522256850775966847957667392536308127029220628614461731
  public exponent: 65537, valid=false, signature='null'}
Received certificate: Certificate{username='user1', publicKey=Sun RSA public key, 2048 bits
  params: null
  modulus: 19037269753027741077292354315188370525656018326993038866212154507337540114583162315110152867885143735623993470144823494771690568037023325723179260957030150745421145642111289465394369945254899076774140067819000609865772399378983607343180200149096245640552877875181940024680425714097930961271569727695442870484596937795526858899524392273769620034734074010549002868803525301429334439368900007010335511707364958929806811711025377575334941726906337126495011586718712045666715902942032255428232031945063275639569846188480473293365344946441201876731206535321240021899680461258422129280520157002903963183824993552469253565789
  public exponent: 65537, valid=true, signature='j+0DNSbYsszWrlkZ7IMTKuiTtuC77/ccNWWluAyggXfXWtwPavNLlHpxwAve1ABrQaqGLzo2/uMhg1sZw7hdU+AR2u4+QyRqqtmhl/AJysZxV+WD8LDro5MUWgE/k6oIU5NWn15RU9c8whQdf9tit6ElD/X34wmP5GYmbFHFPnVvT54edY3thYAgpGIOD/UlItPfTtW8poo7EkMjseC9bQ/0KNNhWMjeujxq+1fVYQdk2WfQojXr6CGaZzI0dVVk6epS58Tz4CHbJHr8khsV9AtcXvGzAjpD/FEvuv3UUch5lSFOUOKd/8q0/z8FBKPbHLqQRMF3iBaIjrBn2xDs1g=='}
Received certificate: Certificate{username='user2', publicKey=Sun RSA public key, 2048 bits
  params: null
  modulus: 27505005926629380184150396170580464771036297101542839757090157734384592266484802800038320716335131902663258645090124502197091605553458287471708458489337491029342348809205168855649980446905834300578201331407924507713646464809400658385626460508121123483724957456438558663013056254736793787091031452495520932702223005222625409416266449076280864217884983951110228126351762590902737559804128972909444414849238867549122547909387082082115898060706452784292150796627479655750088424330251592876840514883684368144988434337791941310438281702769246627969927922565330655069183940070852380276851945634951366633162962135064863454527
  public exponent: 65537, valid=true, signature='GILLt4P0T/qpMlmpiSTCs6MlFy80rYh22fk5Hkm0DPu99bO8t15Y4dQRdha9XbcRn5zx8ZYhHLtN0KLdqj3C82/taDWEj0g3+cQ8fCDjUC4ApKhzkLvOK+Mv37viZqyfefvzw5L4xPNt11TfT8RGk80luQPZRo5XHVNhYbF9I6tGfT1GLAUeC9GdV8u+8ORQYWoJjCdX3gdThmoHKF8IAnUkdSTVRB/gzvxKWsbD5C7tnTJdqnbC1S71Kk0DxmcFR5fJneywQ03h5M26YJ2bddyNVYsusyLLfQLawQdal4UOEKETh7sRUvTO/lBwWH8dXuCvvGdSY2elHU+eogSJVg=='}
Received certificate: Certificate{username='user3', publicKey=Sun RSA public key, 2048 bits
  params: null
  modulus: 23522240269828482397113123713998915000539136999774210561155772633774522246998262691909127049488045057046313614319928205897224182006599784346571583675067705601942513976179857440335933860519825865207222228539782943785856511921060018872465096114037387951803473336269667256067448164518991087806566994277944393654061976946176346087591188446684420814389145821536127583590433681813218387771492145696744828877470332477865413422564180797221641563595123274267989628546895330294925927525197078270348812601766743206519604609006469641601367544654801929098832333795387059715837522256850775966847957667392536308127029220628614461731
  public exponent: 65537, valid=true, signature='X0IIl+rYtGBn6DI7TTIOIBn1Dzz6ZEniklDJD83PgVaW/6DFmrpHezfbxIQA1X+ONH3Ig62tbW5hnqelgyqY0Lqc90NYC22yjC0cx4hxkXzwbG3dSRfyh7X6a/nd+N/SJ7v5kaKfrPBfIHV4Mckj+X3fgTS5zuiaeCCknGek4cZvNQgePX3ZZj9yIevNqDJwrfFuBFXHRXvMvS9zR0QHWdAYd3G/dKa8yG+SLY5tKPnNS+sHbgxkvZNbhE7sLbZb+AszbmYvvqSt1d8YsazHArndouI130f1KlkhdX/M8wnNT5e1h9h+VZQAjL3MRUKdH9uV5URao2aCf4cJpOhoWQ=='}
Certificate1 is not valid
Certificate2 is not valid
Certificate3 is not valid
]]></system-out>
  </testcase>
</testsuite>